  practica10.cpp
C:\Users\lipsh\source\repos\battle_royale\battle_royale\practica10.cpp(183,132): warning C4804: '>': unsafe use of type 'bool' in operation
C:\Users\lipsh\source\repos\battle_royale\battle_royale\practica10.cpp(183,150): warning C4804: '>': unsafe use of type 'bool' in operation
C:\Users\lipsh\source\repos\battle_royale\battle_royale\practica10.cpp(230,19): warning C4552: '+': result of expression not used
C:\Users\lipsh\source\repos\battle_royale\battle_royale\practica10.cpp(237,22): warning C4552: '+': result of expression not used
C:\Users\lipsh\source\repos\battle_royale\battle_royale\practica10.cpp(244,21): warning C4552: '+': result of expression not used
C:\Users\lipsh\source\repos\battle_royale\battle_royale\practica10.cpp(253,20): warning C4552: '+': result of expression not used
C:\Users\lipsh\source\repos\battle_royale\battle_royale\practica10.cpp(259,23): warning C4552: '+': result of expression not used
C:\Users\lipsh\source\repos\battle_royale\battle_royale\practica10.cpp(265,22): warning C4552: '+': result of expression not used
C:\Users\lipsh\source\repos\battle_royale\battle_royale\practica10.cpp(274,20): warning C4552: '+': result of expression not used
C:\Users\lipsh\source\repos\battle_royale\battle_royale\practica10.cpp(280,23): warning C4552: '+': result of expression not used
C:\Users\lipsh\source\repos\battle_royale\battle_royale\practica10.cpp(286,22): warning C4552: '+': result of expression not used
C:\Users\lipsh\source\repos\battle_royale\battle_royale\practica10.cpp(295,20): warning C4552: '+': result of expression not used
C:\Users\lipsh\source\repos\battle_royale\battle_royale\practica10.cpp(301,23): warning C4552: '+': result of expression not used
C:\Users\lipsh\source\repos\battle_royale\battle_royale\practica10.cpp(307,22): warning C4552: '+': result of expression not used
C:\Users\lipsh\source\repos\battle_royale\battle_royale\practica10.cpp(316,20): warning C4552: '+': result of expression not used
C:\Users\lipsh\source\repos\battle_royale\battle_royale\practica10.cpp(322,23): warning C4552: '+': result of expression not used
C:\Users\lipsh\source\repos\battle_royale\battle_royale\practica10.cpp(328,22): warning C4552: '+': result of expression not used
C:\Users\lipsh\source\repos\battle_royale\battle_royale\practica10.cpp(336,20): warning C4552: '+': result of expression not used
C:\Users\lipsh\source\repos\battle_royale\battle_royale\practica10.cpp(342,23): warning C4552: '+': result of expression not used
C:\Users\lipsh\source\repos\battle_royale\battle_royale\practica10.cpp(348,22): warning C4552: '+': result of expression not used
C:\Users\lipsh\source\repos\battle_royale\battle_royale\practica10.cpp(368,12): warning C4244: 'argument': conversion from 'time_t' to 'unsigned int', possible loss of data
  battle_royale.vcxproj -> C:\Users\lipsh\source\repos\battle_royale\Debug\battle_royale.exe
